mode: set
github.com\mathieunls\qw\query\sql_model.go:143.93,167.16 22 1
github.com\mathieunls\qw\query\sql_model.go:171.2,171.19 1 1
github.com\mathieunls\qw\query\sql_model.go:167.16,169.3 1 0
github.com\mathieunls\qw\query\sql_model.go:176.50,179.2 2 0
github.com\mathieunls\qw\query\sql_model.go:182.68,185.2 2 0
github.com\mathieunls\qw\query\sql_model.go:188.70,191.2 2 0
github.com\mathieunls\qw\query\sql_model.go:194.68,197.2 2 0
github.com\mathieunls\qw\query\sql_model.go:200.56,203.2 2 0
github.com\mathieunls\qw\query\sql_model.go:206.58,209.2 2 0
github.com\mathieunls\qw\query\sql_model.go:212.64,215.2 2 0
github.com\mathieunls\qw\query\sql_model.go:218.64,221.2 2 0
github.com\mathieunls\qw\query\sql_model.go:226.43,236.2 9 1
github.com\mathieunls\qw\query\sql_model.go:239.91,244.48 2 1
github.com\mathieunls\qw\query\sql_model.go:249.2,253.44 3 1
github.com\mathieunls\qw\query\sql_model.go:285.2,285.30 1 1
github.com\mathieunls\qw\query\sql_model.go:244.48,246.3 1 1
github.com\mathieunls\qw\query\sql_model.go:253.44,258.38 2 1
github.com\mathieunls\qw\query\sql_model.go:258.38,265.30 3 1
github.com\mathieunls\qw\query\sql_model.go:266.15,269.10 3 1
github.com\mathieunls\qw\query\sql_model.go:270.18,272.10 2 1
github.com\mathieunls\qw\query\sql_model.go:273.19,276.10 3 1
github.com\mathieunls\qw\query\sql_model.go:277.19,280.10 3 0
github.com\mathieunls\qw\query\sql_model.go:289.53,292.35 2 1
github.com\mathieunls\qw\query\sql_model.go:298.2,300.33 2 1
github.com\mathieunls\qw\query\sql_model.go:304.2,304.34 1 1
github.com\mathieunls\qw\query\sql_model.go:308.2,308.35 1 1
github.com\mathieunls\qw\query\sql_model.go:312.2,312.34 1 1
github.com\mathieunls\qw\query\sql_model.go:316.2,316.35 1 1
github.com\mathieunls\qw\query\sql_model.go:320.2,322.21 2 1
github.com\mathieunls\qw\query\sql_model.go:326.2,326.22 1 1
github.com\mathieunls\qw\query\sql_model.go:330.2,331.21 2 1
github.com\mathieunls\qw\query\sql_model.go:292.35,294.3 1 1
github.com\mathieunls\qw\query\sql_model.go:294.3,296.3 1 0
github.com\mathieunls\qw\query\sql_model.go:300.33,302.3 1 1
github.com\mathieunls\qw\query\sql_model.go:304.34,306.3 1 1
github.com\mathieunls\qw\query\sql_model.go:308.35,310.3 1 1
github.com\mathieunls\qw\query\sql_model.go:312.34,314.3 1 1
github.com\mathieunls\qw\query\sql_model.go:316.35,318.3 1 1
github.com\mathieunls\qw\query\sql_model.go:322.21,324.3 1 1
github.com\mathieunls\qw\query\sql_model.go:326.22,328.3 1 1
github.com\mathieunls\qw\query\sql_model.go:335.51,343.16 5 0
github.com\mathieunls\qw\query\sql_model.go:347.2,351.16 4 0
github.com\mathieunls\qw\query\sql_model.go:357.2,363.24 3 0
github.com\mathieunls\qw\query\sql_model.go:368.2,368.18 1 0
github.com\mathieunls\qw\query\sql_model.go:379.2,379.34 1 0
github.com\mathieunls\qw\query\sql_model.go:384.2,388.12 3 0
github.com\mathieunls\qw\query\sql_model.go:343.16,346.3 2 0
github.com\mathieunls\qw\query\sql_model.go:351.16,354.3 2 0
github.com\mathieunls\qw\query\sql_model.go:363.24,365.3 1 0
github.com\mathieunls\qw\query\sql_model.go:368.18,372.17 2 0
github.com\mathieunls\qw\query\sql_model.go:377.3,377.76 1 0
github.com\mathieunls\qw\query\sql_model.go:372.17,375.4 2 0
github.com\mathieunls\qw\query\sql_model.go:379.34,382.3 2 0
github.com\mathieunls\qw\query\sql_model.go:392.32,399.2 5 0
github.com\mathieunls\qw\query\sql_model.go:404.88,407.2 2 1
github.com\mathieunls\qw\query\sql_model.go:410.61,413.2 2 0
github.com\mathieunls\qw\query\sql_model.go:416.70,418.2 1 1
github.com\mathieunls\qw\query\sql_model.go:421.73,424.2 1 1
github.com\mathieunls\qw\query\sql_model.go:427.75,430.2 1 1
github.com\mathieunls\qw\query\sql_model.go:433.76,436.2 1 1
github.com\mathieunls\qw\query\sql_model.go:439.78,442.2 1 1
github.com\mathieunls\qw\query\sql_model.go:445.67,448.2 1 1
github.com\mathieunls\qw\query\sql_model.go:451.70,454.2 1 1
github.com\mathieunls\qw\query\sql_model.go:457.69,460.2 1 1
github.com\mathieunls\qw\query\sql_model.go:463.72,466.2 1 1
github.com\mathieunls\qw\query\sql_model.go:469.57,473.2 2 1
github.com\mathieunls\qw\query\sql_model.go:476.71,480.2 2 1
github.com\mathieunls\qw\query\sql_model.go:483.68,485.41 1 1
github.com\mathieunls\qw\query\sql_model.go:492.2,493.14 2 1
github.com\mathieunls\qw\query\sql_model.go:485.41,486.72 1 1
github.com\mathieunls\qw\query\sql_model.go:489.3,489.15 1 1
github.com\mathieunls\qw\query\sql_model.go:486.72,488.4 1 0
github.com\mathieunls\qw\query\sql_model.go:497.70,499.2 1 1
github.com\mathieunls\qw\query\sql_model.go:502.51,505.2 2 1
github.com\mathieunls\qw\query\sql_model.go:508.53,511.2 2 1
github.com\mathieunls\qw\query\sql_model.go:514.43,516.2 1 1
github.com\mathieunls\qw\query\sql_model.go:519.68,521.41 1 1
github.com\mathieunls\qw\query\sql_model.go:528.2,528.46 1 1
github.com\mathieunls\qw\query\sql_model.go:539.2,542.44 3 1
github.com\mathieunls\qw\query\sql_model.go:550.2,550.22 1 1
github.com\mathieunls\qw\query\sql_model.go:556.2,556.14 1 1
github.com\mathieunls\qw\query\sql_model.go:521.41,522.72 1 1
github.com\mathieunls\qw\query\sql_model.go:525.3,525.15 1 1
github.com\mathieunls\qw\query\sql_model.go:522.72,524.4 1 1
github.com\mathieunls\qw\query\sql_model.go:528.46,529.48 1 1
github.com\mathieunls\qw\query\sql_model.go:536.3,536.27 1 1
github.com\mathieunls\qw\query\sql_model.go:529.48,531.4 1 1
github.com\mathieunls\qw\query\sql_model.go:531.4,531.65 1 1
github.com\mathieunls\qw\query\sql_model.go:531.65,533.4 1 0
github.com\mathieunls\qw\query\sql_model.go:533.4,533.83 1 1
github.com\mathieunls\qw\query\sql_model.go:533.83,535.4 1 0
github.com\mathieunls\qw\query\sql_model.go:542.44,543.51 1 1
github.com\mathieunls\qw\query\sql_model.go:543.51,546.9 2 1
github.com\mathieunls\qw\query\sql_model.go:550.22,552.3 1 1
github.com\mathieunls\qw\query\sql_model.go:552.3,554.3 1 0
github.com\mathieunls\qw\query\sql_model.go:560.62,564.2 2 1
github.com\mathieunls\qw\query\sql_model.go:567.65,570.2 1 1
github.com\mathieunls\qw\query\sql_model.go:573.65,576.2 1 1
github.com\mathieunls\qw\query\sql_model.go:579.65,582.2 1 1
github.com\mathieunls\qw\query\sql_model.go:585.65,588.2 1 1
github.com\mathieunls\qw\query\sql_model.go:591.61,599.2 2 0
github.com\mathieunls\qw\query\sql_model.go:602.57,608.2 2 0
github.com\mathieunls\qw\query\sql_model.go:611.83,613.27 1 0
github.com\mathieunls\qw\query\sql_model.go:617.2,620.26 2 0
github.com\mathieunls\qw\query\sql_model.go:613.27,615.3 1 0
github.com\mathieunls\qw\query\sql_model.go:624.80,627.2 2 0
github.com\mathieunls\qw\query\sql_model.go:630.48,640.2 5 0
github.com\mathieunls\qw\query\sql_model.go:643.73,648.2 1 0
github.com\mathieunls\qw\query\sql_model.go:651.75,656.16 2 0
github.com\mathieunls\qw\query\sql_model.go:660.2,660.19 1 0
github.com\mathieunls\qw\query\sql_model.go:656.16,658.3 1 0
github.com\mathieunls\qw\query\sql_model.go:664.63,676.36 9 0
github.com\mathieunls\qw\query\sql_model.go:689.2,697.16 4 0
github.com\mathieunls\qw\query\sql_model.go:701.2,704.16 3 0
github.com\mathieunls\qw\query\sql_model.go:708.2,708.25 1 0
github.com\mathieunls\qw\query\sql_model.go:712.2,714.18 2 0
github.com\mathieunls\qw\query\sql_model.go:676.36,680.42 2 0
github.com\mathieunls\qw\query\sql_model.go:680.42,684.4 3 0
github.com\mathieunls\qw\query\sql_model.go:684.4,684.33 1 0
github.com\mathieunls\qw\query\sql_model.go:684.33,686.4 1 0
github.com\mathieunls\qw\query\sql_model.go:697.16,699.3 1 0
github.com\mathieunls\qw\query\sql_model.go:704.16,706.3 1 0
github.com\mathieunls\qw\query\sql_model.go:708.25,710.3 1 0
github.com\mathieunls\qw\query\sql_model.go:718.63,727.36 6 0
github.com\mathieunls\qw\query\sql_model.go:737.2,746.16 5 0
github.com\mathieunls\qw\query\sql_model.go:750.2,753.16 3 0
github.com\mathieunls\qw\query\sql_model.go:757.2,757.25 1 0
github.com\mathieunls\qw\query\sql_model.go:761.2,765.18 3 0
github.com\mathieunls\qw\query\sql_model.go:727.36,731.26 2 0
github.com\mathieunls\qw\query\sql_model.go:731.26,733.9 2 0
github.com\mathieunls\qw\query\sql_model.go:746.16,748.3 1 0
github.com\mathieunls\qw\query\sql_model.go:753.16,755.3 1 0
github.com\mathieunls\qw\query\sql_model.go:757.25,759.3 1 0
github.com\mathieunls\qw\query\sql_model.go:770.63,781.36 8 0
github.com\mathieunls\qw\query\sql_model.go:793.2,801.16 4 0
github.com\mathieunls\qw\query\sql_model.go:805.2,808.16 3 0
github.com\mathieunls\qw\query\sql_model.go:812.2,814.31 2 0
github.com\mathieunls\qw\query\sql_model.go:781.36,785.42 2 0
github.com\mathieunls\qw\query\sql_model.go:785.42,788.4 2 0
github.com\mathieunls\qw\query\sql_model.go:788.4,788.33 1 0
github.com\mathieunls\qw\query\sql_model.go:788.33,790.4 1 0
github.com\mathieunls\qw\query\sql_model.go:801.16,803.3 1 0
github.com\mathieunls\qw\query\sql_model.go:808.16,810.3 1 0
github.com\mathieunls\qw\query\sql_model.go:818.79,821.2 2 0
github.com\mathieunls\qw\query\sql_model.go:824.78,827.2 2 0
github.com\mathieunls\qw\query\sql_model.go:830.79,833.2 2 0
github.com\mathieunls\qw\query\sql_model.go:836.78,839.2 2 0
github.com\mathieunls\qw\query\sql_model.go:842.77,845.2 2 0
github.com\mathieunls\qw\query\sql_model.go:848.76,851.2 2 0
github.com\mathieunls\qw\query\sql_model.go:854.79,857.2 2 0
github.com\mathieunls\qw\query\sql_model.go:860.78,863.2 2 0
github.com\mathieunls\qw\query\sql_model.go:866.46,867.59 1 0
github.com\mathieunls\qw\query\sql_model.go:867.59,869.3 1 0
github.com\mathieunls\qw\query\sql_model.go:873.45,874.58 1 0
github.com\mathieunls\qw\query\sql_model.go:874.58,876.3 1 0
github.com\mathieunls\qw\query\sql_model.go:880.46,881.59 1 0
github.com\mathieunls\qw\query\sql_model.go:881.59,883.3 1 0
github.com\mathieunls\qw\query\sql_model.go:887.45,888.58 1 0
github.com\mathieunls\qw\query\sql_model.go:888.58,890.3 1 0
github.com\mathieunls\qw\query\sql_model.go:894.44,895.57 1 0
github.com\mathieunls\qw\query\sql_model.go:895.57,897.3 1 0
github.com\mathieunls\qw\query\sql_model.go:901.43,902.56 1 0
github.com\mathieunls\qw\query\sql_model.go:902.56,904.3 1 0
github.com\mathieunls\qw\query\sql_model.go:908.46,909.59 1 0
github.com\mathieunls\qw\query\sql_model.go:909.59,911.3 1 0
github.com\mathieunls\qw\query\sql_model.go:915.45,916.58 1 0
github.com\mathieunls\qw\query\sql_model.go:916.58,918.3 1 0
